SF:lib\models\Geofence.dart
DA:9,0
DA:19,0
DA:20,0
DA:21,0
DA:22,0
DA:23,0
DA:24,0
DA:25,0
DA:26,0
DA:31,0
DA:32,0
DA:33,0
DA:34,0
DA:35,0
DA:36,0
DA:37,0
DA:38,0
LF:17
LH:0
end_of_record
SF:lib\models\NoiseLevel.dart
DA:11,0
DA:19,1
DA:20,0
DA:21,1
DA:22,1
DA:23,1
DA:24,0
DA:25,0
DA:26,0
DA:30,0
DA:31,0
DA:32,0
DA:33,0
DA:34,0
DA:35,0
DA:36,0
DA:37,0
DA:41,0
DA:42,0
DA:45,0
DA:46,0
DA:47,0
DA:48,0
DA:50,0
DA:51,0
DA:53,0
LF:26
LH:4
end_of_record
SF:lib\resources\Endpoints.dart
DA:13,0
DA:14,0
DA:18,0
DA:19,0
DA:21,0
DA:22,0
DA:24,0
DA:25,0
DA:27,0
DA:28,0
DA:31,0
DA:37,1
DA:38,2
DA:42,0
DA:44,0
DA:46,0
DA:48,0
LF:17
LH:2
end_of_record
SF:lib\services\FFT.dart
DA:6,1
DA:7,1
DA:9,4
DA:10,1
DA:13,1
DA:14,4
DA:15,4
DA:17,1
DA:20,1
DA:21,1
DA:25,3
DA:26,2
DA:27,2
DA:28,4
DA:33,2
DA:37,1
DA:38,1
DA:39,1
DA:40,2
DA:42,10
DA:47,1
DA:49,3
DA:51,1
DA:52,2
DA:53,2
DA:55,1
DA:56,4
DA:57,1
DA:58,1
DA:60,1
DA:66,1
DA:67,1
DA:72,2
DA:73,1
DA:74,3
DA:75,1
DA:79,1
DA:81,1
DA:82,3
DA:86,1
DA:88,4
DA:91,2
DA:93,1
DA:94,1
DA:96,2
DA:98,7
DA:101,2
LF:47
LH:47
end_of_record
SF:lib\models\JWT.dart
DA:5,0
DA:7,0
DA:8,0
DA:9,0
DA:12,0
DA:13,0
DA:14,0
DA:15,0
LF:8
LH:0
end_of_record
SF:lib\models\UsersInfo.dart
DA:15,1
DA:28,1
DA:31,0
DA:32,0
DA:33,0
DA:34,0
DA:35,0
DA:36,0
DA:37,0
DA:38,0
DA:39,0
DA:40,0
DA:41,0
DA:42,0
DA:43,0
DA:44,0
DA:49,0
DA:50,0
DA:51,0
DA:52,0
DA:53,0
DA:54,0
DA:55,0
DA:56,0
DA:57,0
DA:58,0
DA:59,0
DA:60,0
DA:61,0
DA:62,0
DA:67,0
DA:68,0
DA:73,0
DA:74,0
DA:75,0
DA:76,0
DA:78,0
DA:80,0
DA:81,0
DA:82,0
DA:83,0
LF:41
LH:2
end_of_record
SF:lib\pages\MapPage.dart
DA:26,1
DA:28,1
DA:29,1
DA:126,0
DA:128,0
DA:129,0
DA:130,0
DA:132,0
DA:133,0
DA:134,0
DA:137,0
DA:140,0
DA:141,0
DA:145,0
DA:146,0
DA:147,0
DA:148,0
DA:153,0
DA:154,0
DA:158,0
DA:159,0
DA:161,0
DA:165,0
DA:174,1
DA:175,2
DA:176,0
DA:177,0
DA:178,0
DA:180,0
DA:181,0
DA:182,0
DA:183,0
DA:184,0
DA:185,0
DA:186,0
DA:190,0
DA:191,0
DA:192,0
DA:193,0
DA:194,0
DA:196,0
DA:197,0
DA:198,0
DA:199,0
DA:201,0
DA:202,0
DA:203,0
DA:204,0
DA:222,0
DA:223,0
DA:226,0
DA:227,0
DA:229,0
DA:231,0
DA:233,0
DA:234,0
DA:235,0
DA:236,0
DA:237,0
DA:240,0
DA:243,0
DA:244,0
DA:245,0
DA:249,0
DA:250,0
DA:251,0
DA:255,0
DA:256,0
DA:257,0
DA:258,0
DA:261,0
DA:262,0
DA:264,0
DA:265,0
DA:267,0
DA:271,0
DA:272,0
DA:274,0
DA:279,0
DA:280,0
DA:282,0
DA:285,0
DA:287,0
DA:291,1
DA:292,1
DA:293,2
DA:294,2
DA:295,2
DA:296,3
DA:297,0
DA:298,0
DA:299,0
DA:300,0
DA:301,0
DA:307,1
DA:308,2
DA:309,0
DA:312,1
DA:314,1
DA:315,1
DA:319,1
DA:320,3
DA:321,3
DA:322,3
DA:323,3
DA:324,3
DA:325,3
DA:326,5
DA:328,1
DA:330,2
DA:331,0
DA:337,1
DA:339,3
DA:340,3
DA:341,3
DA:342,3
DA:343,3
DA:344,2
DA:345,2
DA:347,2
DA:348,2
DA:350,1
DA:351,1
DA:354,1
DA:356,3
DA:357,2
DA:361,1
DA:362,0
DA:364,0
DA:366,1
DA:378,1
DA:379,1
DA:384,1
DA:385,1
DA:386,1
DA:387,1
DA:388,1
DA:389,1
DA:390,1
DA:391,0
DA:392,0
DA:393,0
DA:394,0
DA:397,0
DA:398,0
DA:401,0
DA:402,0
DA:403,0
DA:404,0
DA:409,1
DA:410,1
DA:413,1
DA:414,1
DA:415,1
DA:416,1
DA:428,1
DA:429,1
DA:430,1
DA:431,7
DA:432,5
DA:434,2
DA:435,1
DA:436,7
DA:437,5
DA:439,2
DA:441,1
DA:442,7
DA:443,5
DA:445,2
DA:447,1
DA:448,7
DA:449,5
DA:451,2
DA:453,1
DA:454,7
DA:455,5
DA:457,2
DA:459,1
DA:460,7
DA:461,5
DA:463,2
DA:465,1
DA:466,7
DA:467,5
DA:469,2
DA:473,1
DA:474,1
DA:476,2
DA:488,2
DA:489,0
DA:492,0
DA:493,0
DA:497,0
DA:499,2
DA:500,0
DA:503,0
DA:504,0
DA:508,0
DA:510,2
DA:511,0
DA:514,0
DA:515,0
DA:519,0
DA:521,1
DA:523,1
DA:525,1
DA:528,0
DA:529,0
DA:530,0
DA:532,0
DA:534,1
DA:535,2
DA:543,1
DA:545,6
DA:546,1
DA:548,1
DA:549,1
DA:550,1
DA:551,1
DA:552,1
DA:555,1
DA:557,1
DA:558,1
DA:559,1
DA:560,1
DA:564,0
DA:565,0
DA:566,0
DA:567,0
DA:570,1
DA:571,1
DA:572,1
DA:574,2
DA:577,1
DA:579,1
DA:580,1
DA:581,1
DA:582,1
DA:583,1
DA:586,1
DA:588,1
DA:593,1
DA:594,1
DA:595,0
DA:596,3
DA:599,1
DA:600,1
DA:613,1
DA:618,1
DA:619,1
DA:620,1
DA:622,1
DA:623,1
DA:624,1
DA:625,1
DA:629,0
DA:630,0
DA:638,1
DA:643,1
DA:644,1
DA:645,1
DA:647,1
DA:648,1
DA:649,1
DA:650,1
DA:654,0
DA:655,0
DA:656,0
DA:657,0
DA:658,0
DA:659,0
DA:660,0
DA:661,0
DA:662,0
DA:663,0
DA:666,0
DA:667,0
DA:668,0
DA:669,0
DA:670,0
DA:671,0
DA:672,0
DA:673,0
DA:683,1
DA:688,1
DA:689,1
DA:690,1
DA:692,1
DA:693,1
DA:694,1
DA:695,1
DA:699,0
DA:700,0
DA:701,0
DA:702,0
DA:706,1
DA:711,1
DA:714,1
DA:716,1
DA:718,1
DA:719,1
DA:720,1
DA:722,1
DA:723,1
DA:728,1
DA:731,1
DA:733,1
DA:755,1
DA:758,1
DA:778,0
DA:779,0
DA:781,0
DA:790,0
DA:791,0
DA:792,0
DA:794,0
DA:796,0
DA:798,0
DA:801,0
DA:809,0
DA:810,0
DA:812,0
DA:819,0
DA:820,0
DA:825,0
DA:833,0
DA:835,0
DA:836,0
DA:838,0
DA:839,0
DA:840,0
DA:846,0
DA:853,0
DA:854,0
DA:860,0
DA:869,0
DA:870,0
DA:871,0
DA:872,0
DA:874,0
DA:875,0
DA:876,0
DA:877,0
DA:881,0
DA:883,0
DA:884,0
DA:886,0
DA:889,0
DA:916,0
DA:917,0
DA:921,0
DA:922,0
DA:923,0
DA:924,0
DA:925,0
DA:928,0
DA:929,0
DA:930,0
DA:931,0
DA:932,0
DA:933,0
DA:934,0
DA:963,0
DA:964,0
DA:1021,0
DA:1022,0
DA:1027,0
DA:1028,0
DA:1037,0
DA:1038,0
DA:1039,0
DA:1040,0
DA:1041,0
DA:1044,0
DA:1045,0
DA:1046,0
DA:1047,0
DA:1053,0
DA:1054,0
DA:1055,0
DA:1056,0
DA:1057,0
DA:1058,0
DA:1061,0
DA:1062,0
DA:1071,0
DA:1072,0
DA:1077,0
DA:1078,0
LF:389
LH:167
end_of_record
SF:lib\pages\StatsPage.dart
DA:16,0
DA:18,0
DA:19,0
DA:31,0
DA:33,0
DA:34,0
DA:35,0
DA:38,0
DA:39,0
DA:41,0
DA:42,0
DA:43,0
DA:44,0
DA:47,0
DA:48,0
DA:51,0
DA:52,0
DA:55,0
DA:56,0
DA:59,0
DA:61,0
DA:62,0
DA:63,0
DA:64,0
DA:65,0
DA:66,0
DA:69,0
DA:70,0
DA:73,0
DA:74,0
DA:77,0
DA:78,0
DA:81,0
DA:83,0
DA:84,0
DA:85,0
DA:86,0
DA:87,0
DA:90,0
DA:91,0
DA:94,0
DA:95,0
DA:98,0
DA:99,0
DA:102,0
DA:104,0
DA:105,0
DA:106,0
DA:107,0
DA:110,0
DA:111,0
DA:114,0
DA:115,0
DA:118,0
DA:119,0
DA:122,0
DA:124,0
DA:125,0
DA:129,0
DA:131,0
DA:133,0
DA:135,0
DA:136,0
DA:137,0
DA:138,0
DA:146,0
DA:147,0
DA:148,0
DA:149,0
DA:150,0
DA:152,0
DA:153,0
DA:155,0
DA:156,0
DA:181,0
DA:182,0
DA:183,0
DA:185,0
DA:186,0
DA:187,0
DA:188,0
DA:189,0
DA:190,0
DA:193,0
DA:195,0
DA:196,0
DA:197,0
DA:207,0
DA:208,0
DA:210,0
DA:211,0
DA:212,0
DA:213,0
DA:214,0
DA:215,0
DA:216,0
DA:218,0
DA:219,0
DA:224,0
DA:225,0
DA:226,0
DA:227,0
DA:228,0
DA:230,0
DA:231,0
DA:233,0
DA:236,0
DA:237,0
DA:238,0
DA:239,0
DA:243,0
DA:248,0
DA:249,0
DA:250,0
DA:251,0
DA:252,0
DA:254,0
DA:255,0
DA:257,0
DA:263,0
DA:266,0
DA:276,0
DA:277,0
DA:279,0
DA:280,0
DA:281,0
DA:283,0
DA:284,0
DA:288,0
DA:289,0
DA:290,0
DA:292,0
DA:293,0
DA:297,0
DA:298,0
DA:300,0
DA:306,0
DA:312,0
DA:314,0
DA:317,0
DA:318,0
LF:141
LH:0
end_of_record
SF:lib\services\AuthenticationService.dart
DA:12,0
DA:13,0
DA:14,0
DA:15,0
DA:18,0
DA:25,0
DA:26,0
DA:27,0
DA:28,0
DA:30,0
DA:34,0
DA:35,0
DA:36,0
DA:37,0
DA:40,0
DA:46,0
DA:47,0
DA:48,0
DA:49,0
DA:51,0
DA:55,0
DA:56,0
DA:59,1
DA:60,2
DA:63,0
DA:64,0
DA:66,0
DA:71,0
DA:72,0
DA:73,0
LF:30
LH:2
end_of_record
SF:lib\services\PostgresService.dart
DA:9,1
DA:10,2
DA:12,2
DA:13,0
DA:14,0
DA:15,0
DA:18,1
DA:22,0
DA:23,0
DA:25,0
DA:26,0
DA:27,0
DA:28,0
DA:31,0
DA:35,0
DA:36,0
DA:38,0
DA:39,0
DA:40,0
DA:41,0
DA:44,0
DA:47,0
DA:55,0
DA:56,0
DA:57,0
DA:58,0
DA:60,0
DA:62,0
DA:63,0
DA:65,0
DA:71,0
DA:72,0
DA:73,0
DA:74,0
DA:76,0
DA:79,0
DA:80,0
DA:81,0
DA:82,0
DA:84,0
DA:87,0
DA:88,0
DA:89,0
DA:90,0
DA:92,0
DA:95,0
DA:96,0
DA:97,0
DA:98,0
DA:100,0
DA:103,0
DA:104,0
DA:106,0
DA:107,0
DA:108,0
DA:109,0
DA:112,0
DA:116,0
DA:117,0
DA:119,0
DA:120,0
DA:121,0
DA:122,0
DA:125,0
DA:129,0
DA:130,0
DA:132,0
DA:133,0
DA:134,0
DA:135,0
DA:138,0
DA:142,0
DA:143,0
DA:145,0
DA:146,0
DA:147,0
DA:148,0
DA:151,0
DA:155,0
DA:156,0
DA:157,0
DA:159,0
DA:160,0
DA:161,0
DA:162,0
DA:163,0
DA:164,0
DA:167,0
DA:171,0
DA:172,0
DA:173,0
DA:175,0
DA:176,0
DA:177,0
DA:178,0
DA:179,0
DA:180,0
DA:183,0
DA:187,0
DA:188,0
DA:189,0
DA:190,0
DA:192,0
DA:193,0
DA:194,0
DA:195,0
DA:196,0
DA:197,0
DA:200,0
DA:204,0
DA:205,0
DA:206,0
DA:208,0
DA:209,0
DA:210,0
DA:211,0
DA:212,0
DA:213,0
DA:216,0
LF:119
LH:4
end_of_record
SF:lib\resources\themes.dart
DA:7,0
DA:8,0
DA:9,0
DA:10,0
DA:11,0
DA:12,0
DA:16,0
DA:19,0
DA:20,0
DA:21,0
DA:22,0
DA:23,0
DA:24,0
DA:28,0
DA:31,0
DA:32,0
DA:33,0
DA:34,0
DA:35,0
DA:36,0
DA:40,0
DA:43,0
DA:44,0
DA:45,0
DA:46,0
DA:47,0
DA:48,0
DA:52,0
DA:55,0
DA:61,0
DA:62,0
DA:73,0
DA:75,0
DA:76,0
DA:77,0
DA:79,0
DA:80,0
DA:81,0
DA:82,0
DA:83,0
DA:84,0
DA:85,0
DA:87,0
DA:90,0
LF:44
LH:0
end_of_record
